<?xml version="1.0" encoding="UTF-8"?>
<!-- Generated by org.testng.reporters.JUnitReportReporter -->
<testsuite hostname="dhcp-31-40.brq.redhat.com" name="test.dummyTest" tests="1" failures="0" timestamp="5 Mar 2012 08:50:48 GMT" time="0.000" errors="0">
  <testcase name="aTest" time="0.000" classname="test.dummyTest"/>
</testsuite> <!-- test.dummyTest -->
