<?xml version="1.0" encoding="UTF-8"?>
<!-- Generated by org.testng.reporters.JUnitReportReporter -->
<testsuite hostname="dhcp-31-42.brq.redhat.com" name="test.dummyTest" tests="1" failures="0" timestamp="13 Apr 2012 08:56:02 GMT" time="0.006" errors="0">
  <testcase name="incTest" time="0.006" classname="test.dummyTest"/>
</testsuite> <!-- test.dummyTest -->
