<?xml version="1.0" encoding="UTF-8"?>
<!-- Generated by org.testng.reporters.JUnitReportReporter -->
<testsuite hostname="dhcp-31-42.brq.redhat.com" name="test.dummyTest" tests="1" failures="0" timestamp="2 Mar 2012 13:50:26 GMT" time="0.000" errors="0">
  <testcase name="aTest" time="0.000" classname="test.dummyTest"/>
</testsuite> <!-- test.dummyTest -->
